mode: set
github.com/nahuelmarianolosada/el-campeon-web/internal/services/product/product_import_service.go:63.110,67.16 3 1
github.com/nahuelmarianolosada/el-campeon-web/internal/services/product/product_import_service.go:67.16,69.3 1 1
github.com/nahuelmarianolosada/el-campeon-web/internal/services/product/product_import_service.go:71.2,74.30 3 1
github.com/nahuelmarianolosada/el-campeon-web/internal/services/product/product_import_service.go:74.30,77.20 2 1
github.com/nahuelmarianolosada/el-campeon-web/internal/services/product/product_import_service.go:77.20,79.4 1 0
github.com/nahuelmarianolosada/el-campeon-web/internal/services/product/product_import_service.go:79.9,81.42 2 1
github.com/nahuelmarianolosada/el-campeon-web/internal/services/product/product_import_service.go:81.42,83.5 1 1
github.com/nahuelmarianolosada/el-campeon-web/internal/services/product/product_import_service.go:83.10,85.5 1 1
github.com/nahuelmarianolosada/el-campeon-web/internal/services/product/product_import_service.go:88.3,88.27 1 1
github.com/nahuelmarianolosada/el-campeon-web/internal/services/product/product_import_service.go:88.27,90.43 2 1
github.com/nahuelmarianolosada/el-campeon-web/internal/services/product/product_import_service.go:90.43,93.5 2 1
github.com/nahuelmarianolosada/el-campeon-web/internal/services/product/product_import_service.go:93.10,93.78 1 1
github.com/nahuelmarianolosada/el-campeon-web/internal/services/product/product_import_service.go:93.78,95.5 1 1
github.com/nahuelmarianolosada/el-campeon-web/internal/services/product/product_import_service.go:95.10,97.5 1 0
github.com/nahuelmarianolosada/el-campeon-web/internal/services/product/product_import_service.go:100.3,102.26 2 1
github.com/nahuelmarianolosada/el-campeon-web/internal/services/product/product_import_service.go:102.26,105.4 2 1
github.com/nahuelmarianolosada/el-campeon-web/internal/services/product/product_import_service.go:105.9,105.46 1 1
github.com/nahuelmarianolosada/el-campeon-web/internal/services/product/product_import_service.go:105.46,107.4 1 1
github.com/nahuelmarianolosada/el-campeon-web/internal/services/product/product_import_service.go:107.9,107.46 1 1
github.com/nahuelmarianolosada/el-campeon-web/internal/services/product/product_import_service.go:107.46,109.4 1 1
github.com/nahuelmarianolosada/el-campeon-web/internal/services/product/product_import_service.go:110.3,111.41 2 1
github.com/nahuelmarianolosada/el-campeon-web/internal/services/product/product_import_service.go:114.2,114.12 1 1
github.com/nahuelmarianolosada/el-campeon-web/internal/services/product/product_import_service.go:114.12,117.3 2 1
github.com/nahuelmarianolosada/el-campeon-web/internal/services/product/product_import_service.go:119.2,119.29 1 1
github.com/nahuelmarianolosada/el-campeon-web/internal/services/product/product_import_service.go:119.29,121.21 2 1
github.com/nahuelmarianolosada/el-campeon-web/internal/services/product/product_import_service.go:122.26,123.20 1 0
github.com/nahuelmarianolosada/el-campeon-web/internal/services/product/product_import_service.go:124.27,126.50 2 1
github.com/nahuelmarianolosada/el-campeon-web/internal/services/product/product_import_service.go:126.50,131.13 5 1
github.com/nahuelmarianolosada/el-campeon-web/internal/services/product/product_import_service.go:133.4,133.20 1 1
github.com/nahuelmarianolosada/el-campeon-web/internal/services/product/product_import_service.go:134.27,136.66 2 1
github.com/nahuelmarianolosada/el-campeon-web/internal/services/product/product_import_service.go:136.66,141.13 5 1
github.com/nahuelmarianolosada/el-campeon-web/internal/services/product/product_import_service.go:143.4,143.20 1 1
github.com/nahuelmarianolosada/el-campeon-web/internal/services/product/product_import_service.go:146.2,147.20 2 1
github.com/nahuelmarianolosada/el-campeon-web/internal/services/product/product_import_service.go:150.76,152.13 2 1
github.com/nahuelmarianolosada/el-campeon-web/internal/services/product/product_import_service.go:153.15,154.25 1 1
github.com/nahuelmarianolosada/el-campeon-web/internal/services/product/product_import_service.go:155.14,156.24 1 1
github.com/nahuelmarianolosada/el-campeon-web/internal/services/product/product_import_service.go:157.10,158.76 1 1
github.com/nahuelmarianolosada/el-campeon-web/internal/services/product/product_import_service.go:162.52,167.16 5 1
github.com/nahuelmarianolosada/el-campeon-web/internal/services/product/product_import_service.go:167.16,169.3 1 0
github.com/nahuelmarianolosada/el-campeon-web/internal/services/product/product_import_service.go:170.2,170.31 1 1
github.com/nahuelmarianolosada/el-campeon-web/internal/services/product/product_import_service.go:173.53,175.16 2 1
github.com/nahuelmarianolosada/el-campeon-web/internal/services/product/product_import_service.go:175.16,177.3 1 0
github.com/nahuelmarianolosada/el-campeon-web/internal/services/product/product_import_service.go:178.2,179.16 2 1
github.com/nahuelmarianolosada/el-campeon-web/internal/services/product/product_import_service.go:179.16,181.3 1 0
github.com/nahuelmarianolosada/el-campeon-web/internal/services/product/product_import_service.go:182.2,185.22 3 1
github.com/nahuelmarianolosada/el-campeon-web/internal/services/product/product_import_service.go:185.22,187.3 1 0
github.com/nahuelmarianolosada/el-campeon-web/internal/services/product/product_import_service.go:188.2,189.16 2 1
github.com/nahuelmarianolosada/el-campeon-web/internal/services/product/product_import_service.go:189.16,191.3 1 0
github.com/nahuelmarianolosada/el-campeon-web/internal/services/product/product_import_service.go:192.2,192.28 1 1
github.com/nahuelmarianolosada/el-campeon-web/internal/services/product/product_import_service.go:224.56,226.28 2 1
github.com/nahuelmarianolosada/el-campeon-web/internal/services/product/product_import_service.go:226.28,228.14 2 1
github.com/nahuelmarianolosada/el-campeon-web/internal/services/product/product_import_service.go:228.14,229.12 1 0
github.com/nahuelmarianolosada/el-campeon-web/internal/services/product/product_import_service.go:231.3,231.44 1 1
github.com/nahuelmarianolosada/el-campeon-web/internal/services/product/product_import_service.go:231.44,233.4 1 1
github.com/nahuelmarianolosada/el-campeon-web/internal/services/product/product_import_service.go:235.2,235.12 1 1
github.com/nahuelmarianolosada/el-campeon-web/internal/services/product/product_import_service.go:238.61,239.23 1 1
github.com/nahuelmarianolosada/el-campeon-web/internal/services/product/product_import_service.go:239.23,241.3 1 1
github.com/nahuelmarianolosada/el-campeon-web/internal/services/product/product_import_service.go:242.2,243.34 2 1
github.com/nahuelmarianolosada/el-campeon-web/internal/services/product/product_import_service.go:243.34,245.3 1 1
github.com/nahuelmarianolosada/el-campeon-web/internal/services/product/product_import_service.go:247.2,248.34 2 1
github.com/nahuelmarianolosada/el-campeon-web/internal/services/product/product_import_service.go:248.34,249.22 1 1
github.com/nahuelmarianolosada/el-campeon-web/internal/services/product/product_import_service.go:249.22,250.12 1 1
github.com/nahuelmarianolosada/el-campeon-web/internal/services/product/product_import_service.go:252.3,254.42 2 1
github.com/nahuelmarianolosada/el-campeon-web/internal/services/product/product_import_service.go:254.42,256.30 2 1
github.com/nahuelmarianolosada/el-campeon-web/internal/services/product/product_import_service.go:256.30,258.5 1 1
github.com/nahuelmarianolosada/el-campeon-web/internal/services/product/product_import_service.go:259.4,260.21 2 1
github.com/nahuelmarianolosada/el-campeon-web/internal/services/product/product_import_service.go:263.3,263.30 1 1
github.com/nahuelmarianolosada/el-campeon-web/internal/services/product/product_import_service.go:263.30,265.4 1 1
github.com/nahuelmarianolosada/el-campeon-web/internal/services/product/product_import_service.go:266.3,266.31 1 1
github.com/nahuelmarianolosada/el-campeon-web/internal/services/product/product_import_service.go:266.31,268.4 1 1
github.com/nahuelmarianolosada/el-campeon-web/internal/services/product/product_import_service.go:269.3,269.38 1 1
github.com/nahuelmarianolosada/el-campeon-web/internal/services/product/product_import_service.go:269.38,271.4 1 0
github.com/nahuelmarianolosada/el-campeon-web/internal/services/product/product_import_service.go:272.3,272.35 1 1
github.com/nahuelmarianolosada/el-campeon-web/internal/services/product/product_import_service.go:272.35,274.4 1 1
github.com/nahuelmarianolosada/el-campeon-web/internal/services/product/product_import_service.go:275.3,275.39 1 1
github.com/nahuelmarianolosada/el-campeon-web/internal/services/product/product_import_service.go:275.39,277.18 2 1
github.com/nahuelmarianolosada/el-campeon-web/internal/services/product/product_import_service.go:277.18,279.5 1 0
github.com/nahuelmarianolosada/el-campeon-web/internal/services/product/product_import_service.go:279.10,281.5 1 1
github.com/nahuelmarianolosada/el-campeon-web/internal/services/product/product_import_service.go:283.3,283.42 1 1
github.com/nahuelmarianolosada/el-campeon-web/internal/services/product/product_import_service.go:283.42,285.18 2 1
github.com/nahuelmarianolosada/el-campeon-web/internal/services/product/product_import_service.go:285.18,287.5 1 0
github.com/nahuelmarianolosada/el-campeon-web/internal/services/product/product_import_service.go:287.10,289.5 1 1
github.com/nahuelmarianolosada/el-campeon-web/internal/services/product/product_import_service.go:291.3,291.32 1 1
github.com/nahuelmarianolosada/el-campeon-web/internal/services/product/product_import_service.go:291.32,293.18 2 1
github.com/nahuelmarianolosada/el-campeon-web/internal/services/product/product_import_service.go:293.18,295.5 1 0
github.com/nahuelmarianolosada/el-campeon-web/internal/services/product/product_import_service.go:295.10,297.5 1 1
github.com/nahuelmarianolosada/el-campeon-web/internal/services/product/product_import_service.go:299.3,299.44 1 1
github.com/nahuelmarianolosada/el-campeon-web/internal/services/product/product_import_service.go:299.44,301.18 2 0
github.com/nahuelmarianolosada/el-campeon-web/internal/services/product/product_import_service.go:301.18,303.5 1 0
github.com/nahuelmarianolosada/el-campeon-web/internal/services/product/product_import_service.go:303.10,305.5 1 0
github.com/nahuelmarianolosada/el-campeon-web/internal/services/product/product_import_service.go:307.3,307.33 1 1
github.com/nahuelmarianolosada/el-campeon-web/internal/services/product/product_import_service.go:307.33,310.28 3 1
github.com/nahuelmarianolosada/el-campeon-web/internal/services/product/product_import_service.go:310.28,312.16 2 1
github.com/nahuelmarianolosada/el-campeon-web/internal/services/product/product_import_service.go:312.16,314.6 1 1
github.com/nahuelmarianolosada/el-campeon-web/internal/services/product/product_import_service.go:316.4,316.25 1 1
github.com/nahuelmarianolosada/el-campeon-web/internal/services/product/product_import_service.go:318.3,318.36 1 1
github.com/nahuelmarianolosada/el-campeon-web/internal/services/product/product_import_service.go:318.36,321.4 2 0
github.com/nahuelmarianolosada/el-campeon-web/internal/services/product/product_import_service.go:322.3,322.27 1 1
github.com/nahuelmarianolosada/el-campeon-web/internal/services/product/product_import_service.go:324.2,324.18 1 1
github.com/nahuelmarianolosada/el-campeon-web/internal/services/product/product_import_service.go:327.36,328.24 1 1
github.com/nahuelmarianolosada/el-campeon-web/internal/services/product/product_import_service.go:328.24,329.33 1 1
github.com/nahuelmarianolosada/el-campeon-web/internal/services/product/product_import_service.go:329.33,331.4 1 1
github.com/nahuelmarianolosada/el-campeon-web/internal/services/product/product_import_service.go:333.2,333.13 1 1
github.com/nahuelmarianolosada/el-campeon-web/internal/services/product/product_import_service.go:336.46,341.9 5 1
github.com/nahuelmarianolosada/el-campeon-web/internal/services/product/product_import_service.go:342.39,344.38 1 1
github.com/nahuelmarianolosada/el-campeon-web/internal/services/product/product_import_service.go:345.38,347.37 1 1
github.com/nahuelmarianolosada/el-campeon-web/internal/services/product/product_import_service.go:349.2,349.34 1 1
github.com/nahuelmarianolosada/el-campeon-web/internal/services/product/product_import_service.go:352.31,353.47 1 1
github.com/nahuelmarianolosada/el-campeon-web/internal/services/product/product_import_service.go:354.62,355.14 1 1
github.com/nahuelmarianolosada/el-campeon-web/internal/services/product/product_import_service.go:357.2,357.14 1 1
github.com/nahuelmarianolosada/el-campeon-web/internal/services/product/product_import_service.go:360.40,361.38 1 1
github.com/nahuelmarianolosada/el-campeon-web/internal/services/product/product_import_service.go:361.38,362.60 1 1
github.com/nahuelmarianolosada/el-campeon-web/internal/services/product/product_import_service.go:362.60,364.4 1 1
github.com/nahuelmarianolosada/el-campeon-web/internal/services/product/product_import_service.go:365.3,365.68 1 1
github.com/nahuelmarianolosada/el-campeon-web/internal/services/product/product_import_service.go:365.68,367.4 1 0
github.com/nahuelmarianolosada/el-campeon-web/internal/services/product/product_import_service.go:368.3,368.54 1 1
github.com/nahuelmarianolosada/el-campeon-web/internal/services/product/product_import_service.go:368.54,370.4 1 1
github.com/nahuelmarianolosada/el-campeon-web/internal/services/product/product_import_service.go:371.3,371.60 1 1
github.com/nahuelmarianolosada/el-campeon-web/internal/services/product/product_import_service.go:371.60,373.4 1 0
github.com/nahuelmarianolosada/el-campeon-web/internal/services/product/product_import_service.go:374.3,374.23 1 1
github.com/nahuelmarianolosada/el-campeon-web/internal/services/product/product_import_service.go:374.23,377.4 2 1
github.com/nahuelmarianolosada/el-campeon-web/internal/services/product/product_import_service.go:379.2,379.40 1 1
github.com/nahuelmarianolosada/el-campeon-web/internal/services/product/product_import_service.go:379.40,381.3 1 1
github.com/nahuelmarianolosada/el-campeon-web/internal/services/product/product_import_service.go:382.2,382.52 1 1
github.com/nahuelmarianolosada/el-campeon-web/internal/services/product/product_import_service.go:382.52,384.3 1 1
github.com/nahuelmarianolosada/el-campeon-web/internal/services/product/product_import_service.go:385.2,385.58 1 1
github.com/nahuelmarianolosada/el-campeon-web/internal/services/product/product_import_service.go:385.58,387.3 1 0
github.com/nahuelmarianolosada/el-campeon-web/internal/services/product/product_import_service.go:390.70,392.21 2 1
github.com/nahuelmarianolosada/el-campeon-web/internal/services/product/product_import_service.go:392.21,394.3 1 1
github.com/nahuelmarianolosada/el-campeon-web/internal/services/product/product_import_service.go:395.2,395.28 1 1
github.com/nahuelmarianolosada/el-campeon-web/internal/services/product/product_import_service.go:395.28,397.3 1 0
github.com/nahuelmarianolosada/el-campeon-web/internal/services/product/product_import_service.go:398.2,398.25 1 1
github.com/nahuelmarianolosada/el-campeon-web/internal/services/product/product_import_service.go:398.25,400.3 1 1
github.com/nahuelmarianolosada/el-campeon-web/internal/services/product/product_import_service.go:401.2,401.28 1 1
github.com/nahuelmarianolosada/el-campeon-web/internal/services/product/product_import_service.go:401.28,403.3 1 1
github.com/nahuelmarianolosada/el-campeon-web/internal/services/product/product_import_service.go:404.2,404.31 1 1
github.com/nahuelmarianolosada/el-campeon-web/internal/services/product/product_import_service.go:404.31,406.3 1 1
github.com/nahuelmarianolosada/el-campeon-web/internal/services/product/product_import_service.go:407.2,407.22 1 1
github.com/nahuelmarianolosada/el-campeon-web/internal/services/product/product_import_service.go:407.22,409.3 1 1
github.com/nahuelmarianolosada/el-campeon-web/internal/services/product/product_import_service.go:410.2,410.32 1 1
github.com/nahuelmarianolosada/el-campeon-web/internal/services/product/product_import_service.go:410.32,412.3 1 0
github.com/nahuelmarianolosada/el-campeon-web/internal/services/product/product_import_service.go:413.2,413.26 1 1
github.com/nahuelmarianolosada/el-campeon-web/internal/services/product/product_import_service.go:413.26,415.36 2 1
github.com/nahuelmarianolosada/el-campeon-web/internal/services/product/product_import_service.go:415.36,417.4 1 1
github.com/nahuelmarianolosada/el-campeon-web/internal/services/product/product_import_service.go:418.3,418.25 1 1
github.com/nahuelmarianolosada/el-campeon-web/internal/services/product/product_import_service.go:420.2,420.12 1 1
github.com/nahuelmarianolosada/el-campeon-web/internal/services/product/product_import_service.go:423.70,434.26 2 1
github.com/nahuelmarianolosada/el-campeon-web/internal/services/product/product_import_service.go:434.26,436.36 2 1
github.com/nahuelmarianolosada/el-campeon-web/internal/services/product/product_import_service.go:436.36,438.4 1 1
github.com/nahuelmarianolosada/el-campeon-web/internal/services/product/product_import_service.go:439.3,439.26 1 1
github.com/nahuelmarianolosada/el-campeon-web/internal/services/product/product_import_service.go:441.2,441.12 1 1
github.com/nahuelmarianolosada/el-campeon-web/internal/services/product/product_import_service.go:444.31,444.44 1 1
github.com/nahuelmarianolosada/el-campeon-web/internal/services/product/product_service.go:31.130,36.2 1 1
github.com/nahuelmarianolosada/el-campeon-web/internal/services/product/product_service.go:40.75,42.27 2 1
github.com/nahuelmarianolosada/el-campeon-web/internal/services/product/product_service.go:42.27,44.20 2 1
github.com/nahuelmarianolosada/el-campeon-web/internal/services/product/product_service.go:44.20,45.12 1 0
github.com/nahuelmarianolosada/el-campeon-web/internal/services/product/product_service.go:47.3,50.5 1 1
github.com/nahuelmarianolosada/el-campeon-web/internal/services/product/product_service.go:52.2,52.15 1 1
github.com/nahuelmarianolosada/el-campeon-web/internal/services/product/product_service.go:55.107,71.54 3 1
github.com/nahuelmarianolosada/el-campeon-web/internal/services/product/product_service.go:71.54,74.3 2 1
github.com/nahuelmarianolosada/el-campeon-web/internal/services/product/product_service.go:75.2,77.42 2 1
github.com/nahuelmarianolosada/el-campeon-web/internal/services/product/product_service.go:80.83,84.16 3 0
github.com/nahuelmarianolosada/el-campeon-web/internal/services/product/product_service.go:84.16,87.3 2 0
github.com/nahuelmarianolosada/el-campeon-web/internal/services/product/product_service.go:88.2,90.42 2 0
github.com/nahuelmarianolosada/el-campeon-web/internal/services/product/product_service.go:93.87,97.16 3 0
github.com/nahuelmarianolosada/el-campeon-web/internal/services/product/product_service.go:97.16,100.3 2 0
github.com/nahuelmarianolosada/el-campeon-web/internal/services/product/product_service.go:101.2,103.42 2 0
github.com/nahuelmarianolosada/el-campeon-web/internal/services/product/product_service.go:106.116,110.16 3 1
github.com/nahuelmarianolosada/el-campeon-web/internal/services/product/product_service.go:110.16,113.3 2 0
github.com/nahuelmarianolosada/el-campeon-web/internal/services/product/product_service.go:116.2,116.21 1 1
github.com/nahuelmarianolosada/el-campeon-web/internal/services/product/product_service.go:116.21,119.3 2 1
github.com/nahuelmarianolosada/el-campeon-web/internal/services/product/product_service.go:120.2,120.28 1 1
github.com/nahuelmarianolosada/el-campeon-web/internal/services/product/product_service.go:120.28,122.3 1 0
github.com/nahuelmarianolosada/el-campeon-web/internal/services/product/product_service.go:123.2,123.25 1 1
github.com/nahuelmarianolosada/el-campeon-web/internal/services/product/product_service.go:123.25,125.3 1 1
github.com/nahuelmarianolosada/el-campeon-web/internal/services/product/product_service.go:126.2,126.28 1 1
github.com/nahuelmarianolosada/el-campeon-web/internal/services/product/product_service.go:126.28,129.3 2 1
github.com/nahuelmarianolosada/el-campeon-web/internal/services/product/product_service.go:130.2,130.31 1 1
github.com/nahuelmarianolosada/el-campeon-web/internal/services/product/product_service.go:130.31,133.3 2 1
github.com/nahuelmarianolosada/el-campeon-web/internal/services/product/product_service.go:134.2,134.22 1 1
github.com/nahuelmarianolosada/el-campeon-web/internal/services/product/product_service.go:134.22,137.3 2 1
github.com/nahuelmarianolosada/el-campeon-web/internal/services/product/product_service.go:138.2,138.32 1 1
github.com/nahuelmarianolosada/el-campeon-web/internal/services/product/product_service.go:138.32,140.3 1 0
github.com/nahuelmarianolosada/el-campeon-web/internal/services/product/product_service.go:141.2,141.25 1 1
github.com/nahuelmarianolosada/el-campeon-web/internal/services/product/product_service.go:141.25,143.3 1 0
github.com/nahuelmarianolosada/el-campeon-web/internal/services/product/product_service.go:145.2,149.54 3 1
github.com/nahuelmarianolosada/el-campeon-web/internal/services/product/product_service.go:149.54,152.3 2 1
github.com/nahuelmarianolosada/el-campeon-web/internal/services/product/product_service.go:154.2,154.26 1 1
github.com/nahuelmarianolosada/el-campeon-web/internal/services/product/product_service.go:154.26,157.65 3 1
github.com/nahuelmarianolosada/el-campeon-web/internal/services/product/product_service.go:157.65,160.4 2 0
github.com/nahuelmarianolosada/el-campeon-web/internal/services/product/product_service.go:161.3,162.17 2 1
github.com/nahuelmarianolosada/el-campeon-web/internal/services/product/product_service.go:162.17,165.4 2 0
github.com/nahuelmarianolosada/el-campeon-web/internal/services/product/product_service.go:166.3,166.26 1 1
github.com/nahuelmarianolosada/el-campeon-web/internal/services/product/product_service.go:167.8,169.3 1 0
github.com/nahuelmarianolosada/el-campeon-web/internal/services/product/product_service.go:170.2,172.42 2 1
github.com/nahuelmarianolosada/el-campeon-web/internal/services/product/product_service.go:175.55,178.49 2 0
github.com/nahuelmarianolosada/el-campeon-web/internal/services/product/product_service.go:178.49,181.3 2 0
github.com/nahuelmarianolosada/el-campeon-web/internal/services/product/product_service.go:182.2,183.12 2 0
github.com/nahuelmarianolosada/el-campeon-web/internal/services/product/product_service.go:186.92,190.16 3 0
github.com/nahuelmarianolosada/el-campeon-web/internal/services/product/product_service.go:190.16,193.3 2 0
github.com/nahuelmarianolosada/el-campeon-web/internal/services/product/product_service.go:194.2,196.44 2 0
github.com/nahuelmarianolosada/el-campeon-web/internal/services/product/product_service.go:199.119,203.16 3 0
github.com/nahuelmarianolosada/el-campeon-web/internal/services/product/product_service.go:203.16,206.3 2 0
github.com/nahuelmarianolosada/el-campeon-web/internal/services/product/product_service.go:207.2,209.44 2 0
github.com/nahuelmarianolosada/el-campeon-web/internal/services/product/product_service.go:212.98,216.16 3 0
github.com/nahuelmarianolosada/el-campeon-web/internal/services/product/product_service.go:216.16,219.3 2 0
github.com/nahuelmarianolosada/el-campeon-web/internal/services/product/product_service.go:220.2,222.44 2 0
github.com/nahuelmarianolosada/el-campeon-web/internal/services/product/product_service.go:226.100,230.16 3 1
github.com/nahuelmarianolosada/el-campeon-web/internal/services/product/product_service.go:230.16,233.3 2 0
github.com/nahuelmarianolosada/el-campeon-web/internal/services/product/product_service.go:236.2,236.56 1 1
github.com/nahuelmarianolosada/el-campeon-web/internal/services/product/product_service.go:236.56,239.3 2 1
github.com/nahuelmarianolosada/el-campeon-web/internal/services/product/product_service.go:241.2,242.33 2 1
github.com/nahuelmarianolosada/el-campeon-web/internal/services/product/product_service.go:247.93,264.2 1 1
github.com/nahuelmarianolosada/el-campeon-web/internal/services/product/product_service.go:266.97,268.35 2 0
github.com/nahuelmarianolosada/el-campeon-web/internal/services/product/product_service.go:268.35,270.3 1 0
github.com/nahuelmarianolosada/el-campeon-web/internal/services/product/product_service.go:271.2,271.18 1 0
